This file contains any messages produced by compilers while
running configure, to aid debugging if configure makes a mistake.

It was created by argtable2 configure 13, which was
generated by GNU Autoconf 2.63.  Invocation command line was

  $ ./configure docdir=${datarootdir}/doc/${PACKAGE_TARNAME} --no-create --no-recursion

## --------- ##
## Platform. ##
## --------- ##

hostname = 72-255-103-241.client.stsn.net
uname -m = i386
uname -r = 9.8.0
uname -s = Darwin
uname -v = Darwin Kernel Version 9.8.0: Wed Jul 15 16:55:01 PDT 2009; root:xnu-1228.15.4~1/RELEASE_I386

/usr/bin/uname -p = i386
/bin/uname -X     = unknown

/bin/arch              = unknown
/usr/bin/arch -k       = unknown
/usr/convex/getsysinfo = unknown
/usr/bin/hostinfo      = Mach kernel version:
	 Darwin Kernel Version 9.8.0: Wed Jul 15 16:55:01 PDT 2009; root:xnu-1228.15.4~1/RELEASE_I386
Kernel configured for up to 2 processors.
2 processors are physically available.
2 processors are logically available.
Processor type: i486 (Intel 80486)
Processors active: 0 1
Primary memory available: 4.00 gigabytes
Default processor set: 100 tasks, 478 threads, 2 processors
Load average: 0.25, Mach factor: 1.74
/bin/machine           = unknown
/usr/bin/oslevel       = unknown
/bin/universe          = unknown

PATH: /sw/bin
PATH: /sw/sbin
PATH: /usr/bin
PATH: /bin
PATH: /usr/sbin
PATH: /sbin
PATH: /usr/local/bin
PATH: /usr/X11/bin
PATH: /usr/texbin
PATH: /Users/cantarel/bin
PATH: /usr/local/teTeX/bin/powerpc-apple-darwin-current
PATH: /usr/local/bin
PATH: /usr/local/webwork/system/scripts
PATH: /Users/cantarel/bin
PATH: /usr/local/teTeX/bin/powerpc-apple-darwin-current
PATH: /usr/local/bin
PATH: /Users/cantarel/Desktop/ridgerunner/build
PATH: /usr/sbin/
PATH: /sbin/
PATH: /Applications/KnotPlot.app/Contents/MacOS/
PATH: /usr/X11R6/bin


## ----------- ##
## Core tests. ##
## ----------- ##

configure:2071: checking build system type
configure:2089: result: i686-apple-darwin9.8.0
configure:2111: checking host system type
configure:2126: result: i686-apple-darwin9.8.0
configure:2148: checking target system type
configure:2163: result: i686-apple-darwin9.8.0
configure:2206: checking for a BSD-compatible install
configure:2274: result: /usr/bin/install -c
configure:2285: checking whether build environment is sane
configure:2328: result: yes
configure:2390: checking for gawk
configure:2420: result: no
configure:2390: checking for mawk
configure:2420: result: no
configure:2390: checking for nawk
configure:2420: result: no
configure:2390: checking for awk
configure:2406: found /usr/bin/awk
configure:2417: result: awk
configure:2428: checking whether make sets $(MAKE)
configure:2450: result: yes
configure:2685: checking for gcc
configure:2701: found /usr/bin/gcc
configure:2712: result: gcc
configure:2944: checking for C compiler version
configure:2952: gcc --version >&5
i686-apple-darwin9-gcc-4.0.1 (GCC) 4.0.1 (Apple Inc. build 5490)
Copyright (C) 2005 Free Software Foundation, Inc.
This is free software; see the source for copying conditions.  There is NO
warranty; not even for MERCHANTABILITY or FITNESS FOR A PARTICULAR PURPOSE.

configure:2956: $? = 0
configure:2963: gcc -v >&5
Using built-in specs.
Target: i686-apple-darwin9
Configured with: /var/tmp/gcc/gcc-5490~1/src/configure --disable-checking -enable-werror --prefix=/usr --mandir=/share/man --enable-languages=c,objc,c++,obj-c++ --program-transform-name=/^[cg][^.-]*$/s/$/-4.0/ --with-gxx-include-dir=/include/c++/4.0.0 --with-slibdir=/usr/lib --build=i686-apple-darwin9 --with-arch=apple --with-tune=generic --host=i686-apple-darwin9 --target=i686-apple-darwin9
Thread model: posix
gcc version 4.0.1 (Apple Inc. build 5490)
configure:2967: $? = 0
configure:2974: gcc -V >&5
gcc-4.0: argument to `-V' is missing
configure:2978: $? = 1
configure:3001: checking for C compiler default output file name
configure:3023: gcc    conftest.c  >&5
configure:3027: $? = 0
configure:3065: result: a.out
configure:3084: checking whether the C compiler works
configure:3094: ./a.out
configure:3098: $? = 0
configure:3117: result: yes
configure:3124: checking whether we are cross compiling
configure:3126: result: no
configure:3129: checking for suffix of executables
configure:3136: gcc -o conftest    conftest.c  >&5
configure:3140: $? = 0
configure:3166: result: 
configure:3172: checking for suffix of object files
configure:3198: gcc -c   conftest.c >&5
configure:3202: $? = 0
configure:3227: result: o
configure:3231: checking whether we are using the GNU C compiler
configure:3260: gcc -c   conftest.c >&5
configure:3267: $? = 0
configure:3284: result: yes
configure:3293: checking whether gcc accepts -g
configure:3323: gcc -c -g  conftest.c >&5
configure:3330: $? = 0
configure:3431: result: yes
configure:3448: checking for gcc option to accept ISO C89
configure:3522: gcc  -c -g -O2  conftest.c >&5
configure:3529: $? = 0
configure:3552: result: none needed
configure:3581: checking for style of include used by make
configure:3609: result: GNU
configure:3637: checking dependency style of gcc
configure:3727: result: gcc3
configure:3769: checking for a sed that does not truncate output
configure:3835: result: /sw/bin/sed
configure:3853: checking for grep that handles long lines and -e
configure:3913: result: /usr/bin/grep
configure:3918: checking for egrep
configure:3982: result: /usr/bin/grep -E
configure:3987: checking for fgrep
configure:4051: result: /usr/bin/grep -F
configure:4086: checking for ld used by gcc
configure:4153: result: /usr/libexec/gcc/i686-apple-darwin9/4.0.1/ld
configure:4162: checking if the linker (/usr/libexec/gcc/i686-apple-darwin9/4.0.1/ld) is GNU ld
configure:4177: result: no
configure:4189: checking for BSD- or MS-compatible name lister (nm)
configure:4238: result: /usr/bin/nm -p
configure:4356: checking the name lister (/usr/bin/nm -p) interface
configure:4363: gcc -c -g -O2  conftest.c >&5
configure:4366: /usr/bin/nm -p "conftest.o"
configure:4369: output
0000016c D _some_variable
configure:4376: result: BSD nm
configure:4379: checking whether ln -s works
configure:4383: result: yes
configure:4391: checking the maximum length of command line arguments
configure:4511: result: 196608
configure:4528: checking whether the shell understands some XSI constructs
configure:4538: result: yes
configure:4542: checking whether the shell understands "+="
configure:4548: result: yes
configure:4583: checking for /usr/libexec/gcc/i686-apple-darwin9/4.0.1/ld option to reload object files
configure:4590: result: -r
configure:4659: checking for objdump
configure:4689: result: no
configure:4718: checking how to recognize dependent libraries
configure:4914: result: pass_all
configure:4974: checking for ar
configure:4990: found /usr/bin/ar
configure:5001: result: ar
configure:5079: checking for strip
configure:5095: found /usr/bin/strip
configure:5106: result: strip
configure:5178: checking for ranlib
configure:5194: found /usr/bin/ranlib
configure:5205: result: ranlib
configure:5295: checking command to parse /usr/bin/nm -p output from gcc object
configure:5413: gcc -c -g -O2  conftest.c >&5
configure:5416: $? = 0
configure:5420: /usr/bin/nm -p conftest.o \| sed -n -e 's/^.*[	 ]\([BCDEGRST][BCDEGRST]*\)[	 ][	 ]*\([_A-Za-z][_A-Za-z0-9]*\)$/\1 \2 \2/p' \> conftest.nm
configure:5423: $? = 0
cannot find nm_test_var in conftest.nm
configure:5413: gcc -c -g -O2  conftest.c >&5
configure:5416: $? = 0
configure:5420: /usr/bin/nm -p conftest.o \| sed -n -e 's/^.*[	 ]\([BCDEGRST][BCDEGRST]*\)[	 ][	 ]*_\([_A-Za-z][_A-Za-z0-9]*\)$/\1 _\2 \2/p' \> conftest.nm
configure:5423: $? = 0
configure:5477: gcc -o conftest -g -O2   conftest.c conftstm.o >&5
configure:5480: $? = 0
configure:5518: result: ok
configure:5812: checking for dsymutil
configure:5828: found /usr/bin/dsymutil
configure:5839: result: dsymutil
configure:5904: checking for nmedit
configure:5920: found /usr/bin/nmedit
configure:5931: result: nmedit
configure:5996: checking for lipo
configure:6012: found /usr/bin/lipo
configure:6023: result: lipo
configure:6088: checking for otool
configure:6104: found /usr/bin/otool
configure:6115: result: otool
configure:6180: checking for otool64
configure:6210: result: no
configure:6255: checking for -single_module linker flag
gcc -g -O2  -o libconftest.dylib -dynamiclib -Wl,-single_module conftest.c
configure:6282: result: yes
configure:6284: checking for -exported_symbols_list linker flag
configure:6314: gcc -o conftest -g -O2   -Wl,-exported_symbols_list,conftest.sym conftest.c  >&5
configure:6321: $? = 0
configure:6343: result: yes
configure:6385: checking how to run the C preprocessor
configure:6425: gcc -E  conftest.c
configure:6432: $? = 0
configure:6463: gcc -E  conftest.c
conftest.c:10:28: error: ac_nonexistent.h: No such file or directory
configure:6470: $? = 1
configure: failed program was:
| /* confdefs.h.  */
| #define PACKAGE_NAME "argtable2"
| #define PACKAGE_TARNAME "argtable2"
| #define PACKAGE_VERSION "13"
| #define PACKAGE_STRING "argtable2 13"
| #define PACKAGE_BUGREPORT "sheitmann@users.sourceforge.net"
| #define PACKAGE "argtable2"
| #define VERSION "13"
| /* end confdefs.h.  */
| #include <ac_nonexistent.h>
configure:6503: result: gcc -E
configure:6532: gcc -E  conftest.c
configure:6539: $? = 0
configure:6570: gcc -E  conftest.c
conftest.c:10:28: error: ac_nonexistent.h: No such file or directory
configure:6577: $? = 1
configure: failed program was:
| /* confdefs.h.  */
| #define PACKAGE_NAME "argtable2"
| #define PACKAGE_TARNAME "argtable2"
| #define PACKAGE_VERSION "13"
| #define PACKAGE_STRING "argtable2 13"
| #define PACKAGE_BUGREPORT "sheitmann@users.sourceforge.net"
| #define PACKAGE "argtable2"
| #define VERSION "13"
| /* end confdefs.h.  */
| #include <ac_nonexistent.h>
configure:6617: checking for ANSI C header files
configure:6647: gcc -c -g -O2  conftest.c >&5
configure:6654: $? = 0
configure:6753: gcc -o conftest -g -O2   conftest.c  >&5
configure:6757: $? = 0
configure:6763: ./conftest
configure:6767: $? = 0
configure:6785: result: yes
configure:6809: checking for sys/types.h
configure:6830: gcc -c -g -O2  conftest.c >&5
configure:6837: $? = 0
configure:6854: result: yes
configure:6809: checking for sys/stat.h
configure:6830: gcc -c -g -O2  conftest.c >&5
configure:6837: $? = 0
configure:6854: result: yes
configure:6809: checking for stdlib.h
configure:6830: gcc -c -g -O2  conftest.c >&5
configure:6837: $? = 0
configure:6854: result: yes
configure:6809: checking for string.h
configure:6830: gcc -c -g -O2  conftest.c >&5
configure:6837: $? = 0
configure:6854: result: yes
configure:6809: checking for memory.h
configure:6830: gcc -c -g -O2  conftest.c >&5
configure:6837: $? = 0
configure:6854: result: yes
configure:6809: checking for strings.h
configure:6830: gcc -c -g -O2  conftest.c >&5
configure:6837: $? = 0
configure:6854: result: yes
configure:6809: checking for inttypes.h
configure:6830: gcc -c -g -O2  conftest.c >&5
configure:6837: $? = 0
configure:6854: result: yes
configure:6809: checking for stdint.h
configure:6830: gcc -c -g -O2  conftest.c >&5
configure:6837: $? = 0
configure:6854: result: yes
configure:6809: checking for unistd.h
configure:6830: gcc -c -g -O2  conftest.c >&5
configure:6837: $? = 0
configure:6854: result: yes
configure:6872: checking for dlfcn.h
configure:6893: gcc -c -g -O2  conftest.c >&5
configure:6900: $? = 0
configure:6917: result: yes
configure:7103: checking for objdir
configure:7118: result: .libs
configure:7414: checking if gcc supports -fno-rtti -fno-exceptions
configure:7432: gcc -c -g -O2  -fno-rtti -fno-exceptions conftest.c >&5
cc1: warning: command line option "-fno-rtti" is valid for C++/ObjC++ but not for C
configure:7436: $? = 0
configure:7449: result: no
configure:7469: checking for gcc option to produce PIC
configure:7741: result: -fno-common -DPIC
configure:7753: checking if gcc PIC flag -fno-common -DPIC works
configure:7771: gcc -c -g -O2  -fno-common -DPIC -DPIC conftest.c >&5
configure:7775: $? = 0
configure:7788: result: yes
configure:7812: checking if gcc static flag -static works
configure:7840: result: no
configure:7855: checking if gcc supports -c -o file.o
configure:7876: gcc -c -g -O2  -o out/conftest2.o conftest.c >&5
configure:7880: $? = 0
configure:7902: result: yes
configure:7910: checking if gcc supports -c -o file.o
configure:7957: result: yes
configure:7990: checking whether the gcc linker (/usr/libexec/gcc/i686-apple-darwin9/4.0.1/ld) supports shared libraries
configure:9069: result: yes
configure:9308: checking dynamic linker characteristics
configure:10003: result: darwin9.8.0 dyld
configure:10105: checking how to hardcode library paths into programs
configure:10130: result: immediate
configure:10963: checking whether stripping libraries is possible
configure:10977: result: yes
configure:11003: checking if libtool supports shared libraries
configure:11005: result: yes
configure:11008: checking whether to build shared libraries
configure:11029: result: yes
configure:11032: checking whether to build static libraries
configure:11036: result: yes
configure:11071: checking whether make sets $(MAKE)
configure:11093: result: yes
configure:11106: checking for ANSI C header files
configure:11274: result: yes
configure:11305: checking libintl.h usability
configure:11322: gcc -c -g -O2  conftest.c >&5
configure:11329: $? = 0
configure:11343: result: yes
configure:11347: checking libintl.h presence
configure:11362: gcc -E  conftest.c
configure:11369: $? = 0
configure:11383: result: yes
configure:11416: checking for libintl.h
configure:11425: result: yes
configure:11294: checking for stdlib.h
configure:11301: result: yes
configure:11294: checking for string.h
configure:11301: result: yes
configure:11294: checking for strings.h
configure:11301: result: yes
configure:11294: checking for unistd.h
configure:11301: result: yes
configure:11305: checking getopt.h usability
configure:11322: gcc -c -g -O2  conftest.c >&5
configure:11329: $? = 0
configure:11343: result: yes
configure:11347: checking getopt.h presence
configure:11362: gcc -E  conftest.c
configure:11369: $? = 0
configure:11383: result: yes
configure:11416: checking for getopt.h
configure:11425: result: yes
configure:11442: checking for an ANSI C-conforming const
configure:11517: gcc -c -g -O2  conftest.c >&5
configure:11524: $? = 0
configure:11539: result: yes
configure:11549: checking for size_t
configure:11577: gcc -c -g -O2  conftest.c >&5
configure:11584: $? = 0
configure:11611: gcc -c -g -O2  conftest.c >&5
conftest.c: In function 'main':
conftest.c:65: error: syntax error before ')' token
configure:11618: $? = 1
configure: failed program was:
| /* confdefs.h.  */
| #define PACKAGE_NAME "argtable2"
| #define PACKAGE_TARNAME "argtable2"
| #define PACKAGE_VERSION "13"
| #define PACKAGE_STRING "argtable2 13"
| #define PACKAGE_BUGREPORT "sheitmann@users.sourceforge.net"
| #define PACKAGE "argtable2"
| #define VERSION "13"
| #define STDC_HEADERS 1
| #define HAVE_SYS_TYPES_H 1
| #define HAVE_SYS_STAT_H 1
| #define HAVE_STDLIB_H 1
| #define HAVE_STRING_H 1
| #define HAVE_MEMORY_H 1
| #define HAVE_STRINGS_H 1
| #define HAVE_INTTYPES_H 1
| #define HAVE_STDINT_H 1
| #define HAVE_UNISTD_H 1
| #define HAVE_DLFCN_H 1
| #define LT_OBJDIR ".libs/"
| #define STDC_HEADERS 1
| #define HAVE_LIBINTL_H 1
| #define HAVE_STDLIB_H 1
| #define HAVE_STRING_H 1
| #define HAVE_STRINGS_H 1
| #define HAVE_UNISTD_H 1
| #define HAVE_GETOPT_H 1
| /* end confdefs.h.  */
| #include <stdio.h>
| #ifdef HAVE_SYS_TYPES_H
| # include <sys/types.h>
| #endif
| #ifdef HAVE_SYS_STAT_H
| # include <sys/stat.h>
| #endif
| #ifdef STDC_HEADERS
| # include <stdlib.h>
| # include <stddef.h>
| #else
| # ifdef HAVE_STDLIB_H
| #  include <stdlib.h>
| # endif
| #endif
| #ifdef HAVE_STRING_H
| # if !defined STDC_HEADERS && defined HAVE_MEMORY_H
| #  include <memory.h>
| # endif
| # include <string.h>
| #endif
| #ifdef HAVE_STRINGS_H
| # include <strings.h>
| #endif
| #ifdef HAVE_INTTYPES_H
| # include <inttypes.h>
| #endif
| #ifdef HAVE_STDINT_H
| # include <stdint.h>
| #endif
| #ifdef HAVE_UNISTD_H
| # include <unistd.h>
| #endif
| int
| main ()
| {
| if (sizeof ((size_t)))
| 	  return 0;
|   ;
|   return 0;
| }
configure:11641: result: yes
configure:11653: checking whether struct tm is in sys/time.h or time.h
configure:11683: gcc -c -g -O2  conftest.c >&5
configure:11690: $? = 0
configure:11705: result: time.h
configure:11721: checking for strftime
configure:11777: gcc -o conftest -g -O2   conftest.c  >&5
conftest.c:52: warning: conflicting types for built-in function 'strftime'
configure:11784: $? = 0
configure:11806: result: yes
configure:11893: checking for working strtod
configure:11944: gcc -o conftest -g -O2   conftest.c  >&5
configure:11948: $? = 0
configure:11954: ./conftest
configure:11958: $? = 0
configure:11975: result: yes
configure:12155: checking for bzero
configure:12211: gcc -o conftest -g -O2   conftest.c  >&5
conftest.c:53: warning: conflicting types for built-in function 'bzero'
configure:12218: $? = 0
configure:12240: result: yes
configure:12155: checking for strchr
configure:12211: gcc -o conftest -g -O2   conftest.c  >&5
conftest.c:54: warning: conflicting types for built-in function 'strchr'
configure:12218: $? = 0
configure:12240: result: yes
configure:12155: checking for strcspn
configure:12211: gcc -o conftest -g -O2   conftest.c  >&5
conftest.c:55: warning: conflicting types for built-in function 'strcspn'
configure:12218: $? = 0
configure:12240: result: yes
configure:12155: checking for strrchr
configure:12211: gcc -o conftest -g -O2   conftest.c  >&5
conftest.c:56: warning: conflicting types for built-in function 'strrchr'
configure:12218: $? = 0
configure:12240: result: yes
configure:12155: checking for strtol
configure:12211: gcc -o conftest -g -O2   conftest.c  >&5
configure:12218: $? = 0
configure:12240: result: yes
configure:12252: checking for getopt_long
configure:12308: gcc -o conftest -g -O2   conftest.c  >&5
configure:12315: $? = 0
configure:12335: result: yes
configure:12343: checking for regcomp
configure:12399: gcc -o conftest -g -O2   conftest.c  >&5
configure:12406: $? = 0
configure:12426: result: yes
configure:12434: checking for strptime
configure:12490: gcc -o conftest -g -O2   conftest.c  >&5
configure:12497: $? = 0
configure:12517: result: yes
configure:12722: creating ./config.status

## ---------------- ##
## Cache variables. ##
## ---------------- ##

ac_cv_build=i686-apple-darwin9.8.0
ac_cv_c_compiler_gnu=yes
ac_cv_c_const=yes
ac_cv_env_CC_set=
ac_cv_env_CC_value=
ac_cv_env_CFLAGS_set=
ac_cv_env_CFLAGS_value=
ac_cv_env_CPPFLAGS_set=
ac_cv_env_CPPFLAGS_value=
ac_cv_env_CPP_set=
ac_cv_env_CPP_value=
ac_cv_env_LDFLAGS_set=
ac_cv_env_LDFLAGS_value=
ac_cv_env_LIBS_set=
ac_cv_env_LIBS_value=
ac_cv_env_build_alias_set=
ac_cv_env_build_alias_value=
ac_cv_env_docdir_set=set
ac_cv_env_docdir_value='${datarootdir}/doc/${PACKAGE_TARNAME}'
ac_cv_env_host_alias_set=
ac_cv_env_host_alias_value=
ac_cv_env_target_alias_set=
ac_cv_env_target_alias_value=
ac_cv_func_bzero=yes
ac_cv_func_getopt_long=yes
ac_cv_func_regcomp=yes
ac_cv_func_strchr=yes
ac_cv_func_strcspn=yes
ac_cv_func_strftime=yes
ac_cv_func_strptime=yes
ac_cv_func_strrchr=yes
ac_cv_func_strtod=yes
ac_cv_func_strtol=yes
ac_cv_header_dlfcn_h=yes
ac_cv_header_getopt_h=yes
ac_cv_header_inttypes_h=yes
ac_cv_header_libintl_h=yes
ac_cv_header_memory_h=yes
ac_cv_header_stdc=yes
ac_cv_header_stdint_h=yes
ac_cv_header_stdlib_h=yes
ac_cv_header_string_h=yes
ac_cv_header_strings_h=yes
ac_cv_header_sys_stat_h=yes
ac_cv_header_sys_types_h=yes
ac_cv_header_unistd_h=yes
ac_cv_host=i686-apple-darwin9.8.0
ac_cv_objext=o
ac_cv_path_EGREP='/usr/bin/grep -E'
ac_cv_path_FGREP='/usr/bin/grep -F'
ac_cv_path_GREP=/usr/bin/grep
ac_cv_path_INTLTOOL_PERL=/usr/bin/perl
ac_cv_path_SED=/sw/bin/sed
ac_cv_path_install='/usr/bin/install -c'
ac_cv_prog_AWK=awk
ac_cv_prog_CPP='gcc -E'
ac_cv_prog_ac_ct_AR=ar
ac_cv_prog_ac_ct_CC=gcc
ac_cv_prog_ac_ct_DSYMUTIL=dsymutil
ac_cv_prog_ac_ct_LIPO=lipo
ac_cv_prog_ac_ct_NMEDIT=nmedit
ac_cv_prog_ac_ct_OTOOL=otool
ac_cv_prog_ac_ct_RANLIB=ranlib
ac_cv_prog_ac_ct_STRIP=strip
ac_cv_prog_cc_c89=
ac_cv_prog_cc_g=yes
ac_cv_prog_make_make_set=yes
ac_cv_struct_tm=time.h
ac_cv_target=i686-apple-darwin9.8.0
ac_cv_type_size_t=yes
am_cv_CC_dependencies_compiler_type=gcc3
lt_cv_apple_cc_single_mod=yes
lt_cv_deplibs_check_method=pass_all
lt_cv_file_magic_cmd='$MAGIC_CMD'
lt_cv_file_magic_test_file=
lt_cv_ld_exported_symbols_list=yes
lt_cv_ld_reload_flag=-r
lt_cv_nm_interface='BSD nm'
lt_cv_objdir=.libs
lt_cv_path_LD=/usr/libexec/gcc/i686-apple-darwin9/4.0.1/ld
lt_cv_path_NM='/usr/bin/nm -p'
lt_cv_prog_compiler_c_o=yes
lt_cv_prog_compiler_pic_works=yes
lt_cv_prog_compiler_rtti_exceptions=no
lt_cv_prog_compiler_static_works=no
lt_cv_prog_gnu_ld=no
lt_cv_sys_global_symbol_pipe='sed -n -e '\''s/^.*[	 ]\([BCDEGRST][BCDEGRST]*\)[	 ][	 ]*_\([_A-Za-z][_A-Za-z0-9]*\)$/\1 _\2 \2/p'\'''
lt_cv_sys_global_symbol_to_c_name_address='sed -n -e '\''s/^: \([^ ]*\) $/  {\"\1\", (void *) 0},/p'\'' -e '\''s/^[BCDEGRST]* \([^ ]*\) \([^ ]*\)$/  {"\2", (void *) \&\2},/p'\'''
lt_cv_sys_global_symbol_to_c_name_address_lib_prefix='sed -n -e '\''s/^: \([^ ]*\) $/  {\"\1\", (void *) 0},/p'\'' -e '\''s/^[BCDEGRST]* \([^ ]*\) \(lib[^ ]*\)$/  {"\2", (void *) \&\2},/p'\'' -e '\''s/^[BCDEGRST]* \([^ ]*\) \([^ ]*\)$/  {"lib\2", (void *) \&\2},/p'\'''
lt_cv_sys_global_symbol_to_cdecl='sed -n -e '\''s/^T .* \(.*\)$/extern int \1();/p'\'' -e '\''s/^[BCDEGRST]* .* \(.*\)$/extern char \1;/p'\'''
lt_cv_sys_max_cmd_len=196608

## ----------------- ##
## Output variables. ##
## ----------------- ##

ACLOCAL='${SHELL} /Users/cantarel/ridgerunner/argtable2-13/missing --run aclocal-1.9'
AMDEPBACKSLASH='\'
AMDEP_FALSE='#'
AMDEP_TRUE=''
AMTAR='${SHELL} /Users/cantarel/ridgerunner/argtable2-13/missing --run tar'
AR='ar'
AUTOCONF='${SHELL} /Users/cantarel/ridgerunner/argtable2-13/missing --run autoconf'
AUTOHEADER='${SHELL} /Users/cantarel/ridgerunner/argtable2-13/missing --run autoheader'
AUTOMAKE='${SHELL} /Users/cantarel/ridgerunner/argtable2-13/missing --run automake-1.9'
AWK='awk'
CC='gcc'
CCDEPMODE='depmode=gcc3'
CFLAGS='-g -O2'
CPP='gcc -E'
CPPFLAGS=''
CYGPATH_W='echo'
DEBUGFLAGS='-DNDEBUG'
DEFS='-DHAVE_CONFIG_H'
DEPDIR='.deps'
DSYMUTIL='dsymutil'
DUMPBIN=''
ECHO_C='\c'
ECHO_N=''
ECHO_T=''
EGREP='/usr/bin/grep -E'
EXEEXT=''
FGREP='/usr/bin/grep -F'
GREP='/usr/bin/grep'
INSTALL_DATA='${INSTALL} -m 644'
INSTALL_PROGRAM='${INSTALL}'
INSTALL_SCRIPT='${INSTALL}'
INSTALL_STRIP_PROGRAM='${SHELL} $(install_sh) -c -s'
LD='/usr/libexec/gcc/i686-apple-darwin9/4.0.1/ld'
LDFLAGS=''
LIBOBJS=''
LIBS=''
LIBTOOL='$(SHELL) $(top_builddir)/libtool'
LIPO='lipo'
LN_S='ln -s'
LTLIBOBJS=''
MAKEINFO='${SHELL} /Users/cantarel/ridgerunner/argtable2-13/missing --run makeinfo'
NM='/usr/bin/nm -p'
NMEDIT='nmedit'
OBJDUMP='false'
OBJEXT='o'
OTOOL64=':'
OTOOL='otool'
PACKAGE='argtable2'
PACKAGE_BUGREPORT='sheitmann@users.sourceforge.net'
PACKAGE_NAME='argtable2'
PACKAGE_STRING='argtable2 13'
PACKAGE_TARNAME='argtable2'
PACKAGE_VERSION='13'
PATH_SEPARATOR=':'
POW_LIB=''
RANLIB='ranlib'
SED='/sw/bin/sed'
SET_MAKE=''
SHELL='/bin/sh'
STRIP='strip'
USE_ARGDATE_FALSE='#'
USE_ARGDATE_TRUE=''
USE_ARGREX_FALSE='#'
USE_ARGREX_TRUE=''
USE_SYS_GETOPTLONG_FALSE='#'
USE_SYS_GETOPTLONG_TRUE=''
VERSION='13'
ac_ct_CC='gcc'
ac_ct_DUMPBIN=''
am__fastdepCC_FALSE='#'
am__fastdepCC_TRUE=''
am__include='include'
am__leading_dot='.'
am__quote=''
am__tar='${AMTAR} chof - "$$tardir"'
am__untar='${AMTAR} xf -'
bindir='${exec_prefix}/bin'
build='i686-apple-darwin9.8.0'
build_alias=''
build_cpu='i686'
build_os='darwin9.8.0'
build_vendor='apple'
datadir='${datarootdir}'
datarootdir='${prefix}/share'
docdir='${datarootdir}/doc/${PACKAGE_TARNAME}'
dvidir='${docdir}'
exampledir='${docdir}/example'
exec_prefix='${prefix}'
host='i686-apple-darwin9.8.0'
host_alias=''
host_cpu='i686'
host_os='darwin9.8.0'
host_vendor='apple'
htmldir='${docdir}'
includedir='${prefix}/include'
infodir='${datarootdir}/info'
install_sh='/Users/cantarel/ridgerunner/argtable2-13/install-sh'
libdir='${exec_prefix}/lib'
libexecdir='${exec_prefix}/libexec'
localedir='${datarootdir}/locale'
localstatedir='${prefix}/var'
lt_ECHO='/bin/echo'
mandir='${datarootdir}/man'
mkdir_p='$(mkinstalldirs)'
oldincludedir='/usr/include'
pdfdir='${docdir}'
prefix='/usr/local'
program_transform_name='s,x,x,'
psdir='${docdir}'
sbindir='${exec_prefix}/sbin'
sharedstatedir='${prefix}/com'
sysconfdir='${prefix}/etc'
target='i686-apple-darwin9.8.0'
target_alias=''
target_cpu='i686'
target_os='darwin9.8.0'
target_vendor='apple'

## ----------- ##
## confdefs.h. ##
## ----------- ##

#define PACKAGE_NAME "argtable2"
#define PACKAGE_TARNAME "argtable2"
#define PACKAGE_VERSION "13"
#define PACKAGE_STRING "argtable2 13"
#define PACKAGE_BUGREPORT "sheitmann@users.sourceforge.net"
#define PACKAGE "argtable2"
#define VERSION "13"
#define STDC_HEADERS 1
#define HAVE_SYS_TYPES_H 1
#define HAVE_SYS_STAT_H 1
#define HAVE_STDLIB_H 1
#define HAVE_STRING_H 1
#define HAVE_MEMORY_H 1
#define HAVE_STRINGS_H 1
#define HAVE_INTTYPES_H 1
#define HAVE_STDINT_H 1
#define HAVE_UNISTD_H 1
#define HAVE_DLFCN_H 1
#define LT_OBJDIR ".libs/"
#define STDC_HEADERS 1
#define HAVE_LIBINTL_H 1
#define HAVE_STDLIB_H 1
#define HAVE_STRING_H 1
#define HAVE_STRINGS_H 1
#define HAVE_UNISTD_H 1
#define HAVE_GETOPT_H 1
#define HAVE_STRFTIME 1
#define HAVE_BZERO 1
#define HAVE_STRCHR 1
#define HAVE_STRCSPN 1
#define HAVE_STRRCHR 1
#define HAVE_STRTOL 1

configure: exit 0

## ---------------------- ##
## Running config.status. ##
## ---------------------- ##

This file was extended by argtable2 config.status 13, which was
generated by GNU Autoconf 2.63.  Invocation command line was

  CONFIG_FILES    = 
  CONFIG_HEADERS  = 
  CONFIG_LINKS    = 
  CONFIG_COMMANDS = 
  $ ./config.status 

on 72-255-103-241.client.stsn.net

config.status:1009: creating Makefile
config.status:1009: creating example/Makefile
config.status:1009: creating src/Makefile
config.status:1009: creating doc/Makefile
config.status:1009: creating doc/argtable2.3
config.status:1009: creating doc/argtable2.html
config.status:1009: creating tests/Makefile
config.status:1009: creating argtable2.pc
config.status:1009: creating argtable2-uninstalled.pc
config.status:1009: creating src/config.h
config.status:1276: executing depfiles commands
config.status:1276: executing libtool commands
