This file contains any messages produced by compilers while
running configure, to aid debugging if configure makes a mistake.

It was created by gsl configure 1.15, which was
generated by GNU Autoconf 2.63.  Invocation command line was

  $ ./configure --disable-option-checking --prefix=/usr/local --cache-file=/dev/null --srcdir=.

## --------- ##
## Platform. ##
## --------- ##

hostname = 72-255-103-241.client.stsn.net
uname -m = i386
uname -r = 9.8.0
uname -s = Darwin
uname -v = Darwin Kernel Version 9.8.0: Wed Jul 15 16:55:01 PDT 2009; root:xnu-1228.15.4~1/RELEASE_I386

/usr/bin/uname -p = i386
/bin/uname -X     = unknown

/bin/arch              = unknown
/usr/bin/arch -k       = unknown
/usr/convex/getsysinfo = unknown
/usr/bin/hostinfo      = Mach kernel version:
	 Darwin Kernel Version 9.8.0: Wed Jul 15 16:55:01 PDT 2009; root:xnu-1228.15.4~1/RELEASE_I386
Kernel configured for up to 2 processors.
2 processors are physically available.
2 processors are logically available.
Processor type: i486 (Intel 80486)
Processors active: 0 1
Primary memory available: 4.00 gigabytes
Default processor set: 100 tasks, 478 threads, 2 processors
Load average: 3.06, Mach factor: 0.31
/bin/machine           = unknown
/usr/bin/oslevel       = unknown
/bin/universe          = unknown

PATH: /sw/bin
PATH: /sw/sbin
PATH: /usr/bin
PATH: /bin
PATH: /usr/sbin
PATH: /sbin
PATH: /usr/local/bin
PATH: /usr/X11/bin
PATH: /usr/texbin
PATH: /Users/cantarel/bin
PATH: /usr/local/teTeX/bin/powerpc-apple-darwin-current
PATH: /usr/local/bin
PATH: /usr/local/webwork/system/scripts
PATH: /Users/cantarel/bin
PATH: /usr/local/teTeX/bin/powerpc-apple-darwin-current
PATH: /usr/local/bin
PATH: /Users/cantarel/Desktop/ridgerunner/build
PATH: /usr/sbin/
PATH: /sbin/
PATH: /Applications/KnotPlot.app/Contents/MacOS/
PATH: /usr/X11R6/bin


## ----------- ##
## Core tests. ##
## ----------- ##

configure:2112: checking for a BSD-compatible install
configure:2180: result: /usr/bin/install -c
configure:2191: checking whether build environment is sane
configure:2234: result: yes
configure:2296: checking for gawk
configure:2326: result: no
configure:2296: checking for mawk
configure:2326: result: no
configure:2296: checking for nawk
configure:2326: result: no
configure:2296: checking for awk
configure:2312: found /usr/bin/awk
configure:2323: result: awk
configure:2334: checking whether make sets $(MAKE)
configure:2356: result: yes
configure:2538: checking whether to enable maintainer-specific portions of Makefiles
configure:2547: result: no
configure:2589: checking for a sed that does not truncate output
configure:2655: result: /sw/bin/sed
configure:2665: checking whether make sets $(MAKE)
configure:2687: result: yes
configure:2703: checking build system type
configure:2721: result: i386-apple-darwin9.8.0
configure:2743: checking host system type
configure:2758: result: i386-apple-darwin9.8.0
configure:2835: checking for gcc
configure:2851: found /usr/bin/gcc
configure:2862: result: gcc
configure:3094: checking for C compiler version
configure:3102: gcc --version >&5
i686-apple-darwin9-gcc-4.0.1 (GCC) 4.0.1 (Apple Inc. build 5490)
Copyright (C) 2005 Free Software Foundation, Inc.
This is free software; see the source for copying conditions.  There is NO
warranty; not even for MERCHANTABILITY or FITNESS FOR A PARTICULAR PURPOSE.

configure:3106: $? = 0
configure:3113: gcc -v >&5
Using built-in specs.
Target: i686-apple-darwin9
Configured with: /var/tmp/gcc/gcc-5490~1/src/configure --disable-checking -enable-werror --prefix=/usr --mandir=/share/man --enable-languages=c,objc,c++,obj-c++ --program-transform-name=/^[cg][^.-]*$/s/$/-4.0/ --with-gxx-include-dir=/include/c++/4.0.0 --with-slibdir=/usr/lib --build=i686-apple-darwin9 --with-arch=apple --with-tune=generic --host=i686-apple-darwin9 --target=i686-apple-darwin9
Thread model: posix
gcc version 4.0.1 (Apple Inc. build 5490)
configure:3117: $? = 0
configure:3124: gcc -V >&5
gcc-4.0: argument to `-V' is missing
configure:3128: $? = 1
configure:3151: checking for C compiler default output file name
configure:3173: gcc    conftest.c  >&5
configure:3177: $? = 0
configure:3215: result: a.out
configure:3234: checking whether the C compiler works
configure:3244: ./a.out
configure:3248: $? = 0
configure:3267: result: yes
configure:3274: checking whether we are cross compiling
configure:3276: result: no
configure:3279: checking for suffix of executables
configure:3286: gcc -o conftest    conftest.c  >&5
configure:3290: $? = 0
configure:3316: result: 
configure:3322: checking for suffix of object files
configure:3348: gcc -c   conftest.c >&5
configure:3352: $? = 0
configure:3377: result: o
configure:3381: checking whether we are using the GNU C compiler
configure:3410: gcc -c   conftest.c >&5
configure:3417: $? = 0
configure:3434: result: yes
configure:3443: checking whether gcc accepts -g
configure:3473: gcc -c -g  conftest.c >&5
configure:3480: $? = 0
configure:3581: result: yes
configure:3598: checking for gcc option to accept ISO C89
configure:3672: gcc  -c -g -O2  conftest.c >&5
configure:3679: $? = 0
configure:3702: result: none needed
configure:3731: checking for style of include used by make
configure:3759: result: GNU
configure:3787: checking dependency style of gcc
configure:3877: result: gcc3
configure:3899: checking how to run the C preprocessor
configure:3939: gcc -E  conftest.c
configure:3946: $? = 0
configure:3977: gcc -E  conftest.c
conftest.c:11:28: error: ac_nonexistent.h: No such file or directory
configure:3984: $? = 1
configure: failed program was:
| /* confdefs.h.  */
| #define PACKAGE_NAME "gsl"
| #define PACKAGE_TARNAME "gsl"
| #define PACKAGE_VERSION "1.15"
| #define PACKAGE_STRING "gsl 1.15"
| #define PACKAGE_BUGREPORT ""
| #define PACKAGE "gsl"
| #define VERSION "1.15"
| #define RELEASED /**/
| /* end confdefs.h.  */
| #include <ac_nonexistent.h>
configure:4017: result: gcc -E
configure:4046: gcc -E  conftest.c
configure:4053: $? = 0
configure:4084: gcc -E  conftest.c
conftest.c:11:28: error: ac_nonexistent.h: No such file or directory
configure:4091: $? = 1
configure: failed program was:
| /* confdefs.h.  */
| #define PACKAGE_NAME "gsl"
| #define PACKAGE_TARNAME "gsl"
| #define PACKAGE_VERSION "1.15"
| #define PACKAGE_STRING "gsl 1.15"
| #define PACKAGE_BUGREPORT ""
| #define PACKAGE "gsl"
| #define VERSION "1.15"
| #define RELEASED /**/
| /* end confdefs.h.  */
| #include <ac_nonexistent.h>
configure:4144: checking for a BSD-compatible install
configure:4212: result: /usr/bin/install -c
configure:4223: checking whether ln -s works
configure:4227: result: yes
configure:4306: checking for a sed that does not truncate output
configure:4362: result: /sw/bin/sed
configure:4365: checking for grep that handles long lines and -e
configure:4425: result: /usr/bin/grep
configure:4430: checking for egrep
configure:4494: result: /usr/bin/grep -E
configure:4510: checking for ld used by gcc
configure:4577: result: /usr/libexec/gcc/i686-apple-darwin9/4.0.1/ld
configure:4586: checking if the linker (/usr/libexec/gcc/i686-apple-darwin9/4.0.1/ld) is GNU ld
configure:4601: result: no
configure:4606: checking for /usr/libexec/gcc/i686-apple-darwin9/4.0.1/ld option to reload object files
configure:4613: result: -r
configure:4631: checking for BSD-compatible nm
configure:4680: result: /usr/bin/nm -p
configure:4684: checking how to recognize dependent libraries
configure:4870: result: pass_all
configure:5115: checking for ANSI C header files
configure:5145: gcc -c -g -O2  conftest.c >&5
configure:5152: $? = 0
configure:5251: gcc -o conftest -g -O2   conftest.c  >&5
configure:5255: $? = 0
configure:5261: ./conftest
configure:5265: $? = 0
configure:5283: result: yes
configure:5307: checking for sys/types.h
configure:5328: gcc -c -g -O2  conftest.c >&5
configure:5335: $? = 0
configure:5352: result: yes
configure:5307: checking for sys/stat.h
configure:5328: gcc -c -g -O2  conftest.c >&5
configure:5335: $? = 0
configure:5352: result: yes
configure:5307: checking for stdlib.h
configure:5328: gcc -c -g -O2  conftest.c >&5
configure:5335: $? = 0
configure:5352: result: yes
configure:5307: checking for string.h
configure:5328: gcc -c -g -O2  conftest.c >&5
configure:5335: $? = 0
configure:5352: result: yes
configure:5307: checking for memory.h
configure:5328: gcc -c -g -O2  conftest.c >&5
configure:5335: $? = 0
configure:5352: result: yes
configure:5307: checking for strings.h
configure:5328: gcc -c -g -O2  conftest.c >&5
configure:5335: $? = 0
configure:5352: result: yes
configure:5307: checking for inttypes.h
configure:5328: gcc -c -g -O2  conftest.c >&5
configure:5335: $? = 0
configure:5352: result: yes
configure:5307: checking for stdint.h
configure:5328: gcc -c -g -O2  conftest.c >&5
configure:5335: $? = 0
configure:5352: result: yes
configure:5307: checking for unistd.h
configure:5328: gcc -c -g -O2  conftest.c >&5
configure:5335: $? = 0
configure:5352: result: yes
configure:5382: checking dlfcn.h usability
configure:5399: gcc -c -g -O2  conftest.c >&5
configure:5406: $? = 0
configure:5420: result: yes
configure:5424: checking dlfcn.h presence
configure:5439: gcc -E  conftest.c
configure:5446: $? = 0
configure:5460: result: yes
configure:5488: checking for dlfcn.h
configure:5497: result: yes
configure:5570: checking for g++
configure:5586: found /usr/bin/g++
configure:5597: result: g++
configure:5624: checking for C++ compiler version
configure:5632: g++ --version >&5
i686-apple-darwin9-g++-4.0.1 (GCC) 4.0.1 (Apple Inc. build 5490)
Copyright (C) 2005 Free Software Foundation, Inc.
This is free software; see the source for copying conditions.  There is NO
warranty; not even for MERCHANTABILITY or FITNESS FOR A PARTICULAR PURPOSE.

configure:5636: $? = 0
configure:5643: g++ -v >&5
Using built-in specs.
Target: i686-apple-darwin9
Configured with: /var/tmp/gcc/gcc-5490~1/src/configure --disable-checking -enable-werror --prefix=/usr --mandir=/share/man --enable-languages=c,objc,c++,obj-c++ --program-transform-name=/^[cg][^.-]*$/s/$/-4.0/ --with-gxx-include-dir=/include/c++/4.0.0 --with-slibdir=/usr/lib --build=i686-apple-darwin9 --with-arch=apple --with-tune=generic --host=i686-apple-darwin9 --target=i686-apple-darwin9
Thread model: posix
gcc version 4.0.1 (Apple Inc. build 5490)
configure:5647: $? = 0
configure:5654: g++ -V >&5
g++-4.0: argument to `-V' is missing
configure:5658: $? = 1
configure:5661: checking whether we are using the GNU C++ compiler
configure:5690: g++ -c   conftest.cpp >&5
configure:5697: $? = 0
configure:5714: result: yes
configure:5723: checking whether g++ accepts -g
configure:5753: g++ -c -g  conftest.cpp >&5
configure:5760: $? = 0
configure:5861: result: yes
configure:5886: checking dependency style of g++
configure:5976: result: gcc3
configure:6003: checking how to run the C++ preprocessor
configure:6039: g++ -E  conftest.cpp
configure:6046: $? = 0
configure:6077: g++ -E  conftest.cpp
conftest.cpp:22:28: error: ac_nonexistent.h: No such file or directory
configure:6084: $? = 1
configure: failed program was:
| /* confdefs.h.  */
| #define PACKAGE_NAME "gsl"
| #define PACKAGE_TARNAME "gsl"
| #define PACKAGE_VERSION "1.15"
| #define PACKAGE_STRING "gsl 1.15"
| #define PACKAGE_BUGREPORT ""
| #define PACKAGE "gsl"
| #define VERSION "1.15"
| #define RELEASED /**/
| #define STDC_HEADERS 1
| #define HAVE_SYS_TYPES_H 1
| #define HAVE_SYS_STAT_H 1
| #define HAVE_STDLIB_H 1
| #define HAVE_STRING_H 1
| #define HAVE_MEMORY_H 1
| #define HAVE_STRINGS_H 1
| #define HAVE_INTTYPES_H 1
| #define HAVE_STDINT_H 1
| #define HAVE_UNISTD_H 1
| #define HAVE_DLFCN_H 1
| /* end confdefs.h.  */
| #include <ac_nonexistent.h>
configure:6117: result: g++ -E
configure:6146: g++ -E  conftest.cpp
configure:6153: $? = 0
configure:6184: g++ -E  conftest.cpp
conftest.cpp:22:28: error: ac_nonexistent.h: No such file or directory
configure:6191: $? = 1
configure: failed program was:
| /* confdefs.h.  */
| #define PACKAGE_NAME "gsl"
| #define PACKAGE_TARNAME "gsl"
| #define PACKAGE_VERSION "1.15"
| #define PACKAGE_STRING "gsl 1.15"
| #define PACKAGE_BUGREPORT ""
| #define PACKAGE "gsl"
| #define VERSION "1.15"
| #define RELEASED /**/
| #define STDC_HEADERS 1
| #define HAVE_SYS_TYPES_H 1
| #define HAVE_SYS_STAT_H 1
| #define HAVE_STDLIB_H 1
| #define HAVE_STRING_H 1
| #define HAVE_MEMORY_H 1
| #define HAVE_STRINGS_H 1
| #define HAVE_INTTYPES_H 1
| #define HAVE_STDINT_H 1
| #define HAVE_UNISTD_H 1
| #define HAVE_DLFCN_H 1
| /* end confdefs.h.  */
| #include <ac_nonexistent.h>
configure:6286: checking for g77
configure:6316: result: no
configure:6286: checking for xlf
configure:6316: result: no
configure:6286: checking for f77
configure:6316: result: no
configure:6286: checking for frt
configure:6316: result: no
configure:6286: checking for pgf77
configure:6316: result: no
configure:6286: checking for cf77
configure:6316: result: no
configure:6286: checking for fort77
configure:6316: result: no
configure:6286: checking for fl32
configure:6316: result: no
configure:6286: checking for af77
configure:6316: result: no
configure:6286: checking for xlf90
configure:6316: result: no
configure:6286: checking for f90
configure:6316: result: no
configure:6286: checking for pgf90
configure:6316: result: no
configure:6286: checking for pghpf
configure:6316: result: no
configure:6286: checking for epcf90
configure:6316: result: no
configure:6286: checking for gfortran
configure:6302: found /sw/bin/gfortran
configure:6313: result: gfortran
configure:6339: checking for Fortran 77 compiler version
configure:6347: gfortran --version >&5
GNU Fortran (GCC) 4.3.1
Copyright (C) 2008 Free Software Foundation, Inc.

GNU Fortran comes with NO WARRANTY, to the extent permitted by law.
You may redistribute copies of GNU Fortran
under the terms of the GNU General Public License.
For more information about these matters, see the file named COPYING

configure:6351: $? = 0
configure:6358: gfortran -v >&5
Using built-in specs.
Target: i686-apple-darwin9
Configured with: ../gcc-4.3.1/configure --prefix=/sw --prefix=/sw/lib/gcc4.3 --mandir=/sw/share/man --infodir=/sw/share/info --enable-languages=c,c++,fortran,objc,java --with-arch=nocona --with-tune=generic --build=i686-apple-darwin9 --with-gmp=/sw --with-libiconv-prefix=/sw --with-system-zlib --x-includes=/usr/X11R6/include --x-libraries=/usr/X11R6/lib --disable-libjava-multilib
Thread model: posix
gcc version 4.3.1 (GCC) 
configure:6362: $? = 0
configure:6369: gfortran -V >&5
gfortran: '-V' option must have argument
configure:6373: $? = 1
configure:6381: checking whether we are using the GNU Fortran 77 compiler
configure:6400: gfortran -c  conftest.F >&5
configure:6407: $? = 0
configure:6424: result: yes
configure:6430: checking whether gfortran accepts -g
configure:6447: gfortran -c -g conftest.f >&5
configure:6454: $? = 0
configure:6470: result: yes
configure:6503: checking the maximum length of command line arguments
configure:6615: result: 196608
configure:6627: checking command to parse /usr/bin/nm -p output from gcc object
configure:6732: gcc -c -g -O2  conftest.c >&5
configure:6735: $? = 0
configure:6739: /usr/bin/nm -p conftest.o \| sed -n -e 's/^.*[ 	]\([BCDEGRST][BCDEGRST]*\)[ 	][ 	]*\([_A-Za-z][_A-Za-z0-9]*\)$/\1 \2 \2/p' \> conftest.nm
configure:6742: $? = 0
cannot find nm_test_var in conftest.nm
configure:6732: gcc -c -g -O2  conftest.c >&5
configure:6735: $? = 0
configure:6739: /usr/bin/nm -p conftest.o \| sed -n -e 's/^.*[ 	]\([BCDEGRST][BCDEGRST]*\)[ 	][ 	]*_\([_A-Za-z][_A-Za-z0-9]*\)$/\1 _\2 \2/p' \> conftest.nm
configure:6742: $? = 0
configure:6794: gcc -o conftest -g -O2   conftest.c conftstm.o >&5
configure:6797: $? = 0
configure:6835: result: ok
configure:6839: checking for objdir
configure:6854: result: .libs
configure:6946: checking for ar
configure:6962: found /usr/bin/ar
configure:6973: result: ar
configure:7038: checking for ranlib
configure:7054: found /usr/bin/ranlib
configure:7065: result: ranlib
configure:7130: checking for strip
configure:7146: found /usr/bin/strip
configure:7157: result: strip
configure:7410: checking for dsymutil
configure:7426: found /usr/bin/dsymutil
configure:7437: result: dsymutil
configure:7502: checking for nmedit
configure:7518: found /usr/bin/nmedit
configure:7529: result: nmedit
configure:7552: checking for -single_module linker flag
configure:7573: result: yes
configure:7575: checking for -exported_symbols_list linker flag
configure:7605: gcc -o conftest -g -O2   -Wl,-exported_symbols_list,conftest.sym conftest.c  >&5
configure:7612: $? = 0
configure:7634: result: yes
configure:7747: checking if gcc supports -fno-rtti -fno-exceptions
configure:7765: gcc -c -g -O2  -fno-rtti -fno-exceptions conftest.c >&5
cc1: warning: command line option "-fno-rtti" is valid for C++/ObjC++ but not for C
configure:7769: $? = 0
configure:7782: result: no
configure:7797: checking for gcc option to produce PIC
configure:8029: result: -fno-common
configure:8037: checking if gcc PIC flag -fno-common works
configure:8055: gcc -c -g -O2  -fno-common -DPIC conftest.c >&5
configure:8059: $? = 0
configure:8072: result: yes
configure:8100: checking if gcc static flag -static works
configure:8128: result: no
configure:8138: checking if gcc supports -c -o file.o
configure:8159: gcc -c -g -O2  -o out/conftest2.o conftest.c >&5
configure:8163: $? = 0
configure:8185: result: yes
configure:8211: checking whether the gcc linker (/usr/libexec/gcc/i686-apple-darwin9/4.0.1/ld) supports shared libraries
configure:9181: result: yes
configure:9248: checking dynamic linker characteristics
configure:9850: result: darwin9.8.0 dyld
configure:9874: checking how to hardcode library paths into programs
configure:9899: result: immediate
configure:9913: checking whether stripping libraries is possible
configure:9927: result: yes
configure:10748: checking if libtool supports shared libraries
configure:10750: result: yes
configure:10753: checking whether to build shared libraries
configure:10774: result: yes
configure:10777: checking whether to build static libraries
configure:10781: result: yes
configure:10875: creating libtool
configure:11468: checking for ld used by g++
configure:11535: result: /usr/libexec/gcc/i686-apple-darwin9/4.0.1/ld
configure:11544: checking if the linker (/usr/libexec/gcc/i686-apple-darwin9/4.0.1/ld) is GNU ld
configure:11559: result: no
configure:11610: checking whether the g++ linker (/usr/libexec/gcc/i686-apple-darwin9/4.0.1/ld) supports shared libraries
configure:12564: result: yes
configure:12581: g++ -c -g -O2  conftest.cpp >&5
configure:12584: $? = 0
configure:12740: checking for g++ option to produce PIC
configure:13024: result: -fno-common
configure:13032: checking if g++ PIC flag -fno-common works
configure:13050: g++ -c -g -O2  -fno-common -DPIC conftest.cpp >&5
configure:13054: $? = 0
configure:13067: result: yes
configure:13095: checking if g++ static flag -static works
configure:13123: result: no
configure:13133: checking if g++ supports -c -o file.o
configure:13154: g++ -c -g -O2  -o out/conftest2.o conftest.cpp >&5
configure:13158: $? = 0
configure:13180: result: yes
configure:13206: checking whether the g++ linker (/usr/libexec/gcc/i686-apple-darwin9/4.0.1/ld) supports shared libraries
configure:13232: result: yes
configure:13299: checking dynamic linker characteristics
configure:13849: result: darwin9.8.0 dyld
configure:13873: checking how to hardcode library paths into programs
configure:13898: result: immediate
configure:14437: checking if libtool supports shared libraries
configure:14439: result: yes
configure:14442: checking whether to build shared libraries
configure:14462: result: yes
configure:14465: checking whether to build static libraries
configure:14469: result: yes
configure:14479: checking for gfortran option to produce PIC
configure:14711: result: -fno-common
configure:14719: checking if gfortran PIC flag -fno-common works
configure:14737: gfortran -c -g -O2 -fno-common conftest.f >&5
configure:14741: $? = 0
configure:14754: result: yes
configure:14782: checking if gfortran static flag -static works
configure:14810: result: no
configure:14820: checking if gfortran supports -c -o file.o
configure:14841: gfortran -c -g -O2 -o out/conftest2.o conftest.f >&5
configure:14845: $? = 0
configure:14867: result: yes
configure:14893: checking whether the gfortran linker (/usr/libexec/gcc/i686-apple-darwin9/4.0.1/ld) supports shared libraries
configure:15843: result: yes
configure:15910: checking dynamic linker characteristics
configure:16460: result: darwin9.8.0 dyld
configure:16484: checking how to hardcode library paths into programs
configure:16509: result: immediate
configure:20100: checking for size_t
configure:20128: gcc -c -g -O2  conftest.c >&5
configure:20135: $? = 0
configure:20162: gcc -c -g -O2  conftest.c >&5
conftest.c: In function 'main':
conftest.c:58: error: syntax error before ')' token
configure:20169: $? = 1
configure: failed program was:
| /* confdefs.h.  */
| #define PACKAGE_NAME "gsl"
| #define PACKAGE_TARNAME "gsl"
| #define PACKAGE_VERSION "1.15"
| #define PACKAGE_STRING "gsl 1.15"
| #define PACKAGE_BUGREPORT ""
| #define PACKAGE "gsl"
| #define VERSION "1.15"
| #define RELEASED /**/
| #define STDC_HEADERS 1
| #define HAVE_SYS_TYPES_H 1
| #define HAVE_SYS_STAT_H 1
| #define HAVE_STDLIB_H 1
| #define HAVE_STRING_H 1
| #define HAVE_MEMORY_H 1
| #define HAVE_STRINGS_H 1
| #define HAVE_INTTYPES_H 1
| #define HAVE_STDINT_H 1
| #define HAVE_UNISTD_H 1
| #define HAVE_DLFCN_H 1
| /* end confdefs.h.  */
| #include <stdio.h>
| #ifdef HAVE_SYS_TYPES_H
| # include <sys/types.h>
| #endif
| #ifdef HAVE_SYS_STAT_H
| # include <sys/stat.h>
| #endif
| #ifdef STDC_HEADERS
| # include <stdlib.h>
| # include <stddef.h>
| #else
| # ifdef HAVE_STDLIB_H
| #  include <stdlib.h>
| # endif
| #endif
| #ifdef HAVE_STRING_H
| # if !defined STDC_HEADERS && defined HAVE_MEMORY_H
| #  include <memory.h>
| # endif
| # include <string.h>
| #endif
| #ifdef HAVE_STRINGS_H
| # include <strings.h>
| #endif
| #ifdef HAVE_INTTYPES_H
| # include <inttypes.h>
| #endif
| #ifdef HAVE_STDINT_H
| # include <stdint.h>
| #endif
| #ifdef HAVE_UNISTD_H
| # include <unistd.h>
| #endif
| int
| main ()
| {
| if (sizeof ((size_t)))
| 	  return 0;
|   ;
|   return 0;
| }
configure:20192: result: yes
configure:20204: checking for working volatile
configure:20233: gcc -c -g -O2  conftest.c >&5
configure:20240: $? = 0
configure:20255: result: yes
configure:20265: checking for inline
configure:20291: gcc -c -g -O2  conftest.c >&5
configure:20298: $? = 0
configure:20316: result: inline
configure:20336: checking whether char is unsigned
configure:20364: gcc -c -g -O2  conftest.c >&5
configure:20371: $? = 0
configure:20386: result: no
configure:20623: checking for GNU-style extern inline
configure:20652: gcc -c -g -O2  conftest.c >&5
configure:20659: $? = 0
configure:20675: result: yes
configure:20812: checking ieeefp.h usability
configure:20829: gcc -c -g -O2  conftest.c >&5
conftest.c:56:20: error: ieeefp.h: No such file or directory
configure:20836: $? = 1
configure: failed program was:
| /* confdefs.h.  */
| #define PACKAGE_NAME "gsl"
| #define PACKAGE_TARNAME "gsl"
| #define PACKAGE_VERSION "1.15"
| #define PACKAGE_STRING "gsl 1.15"
| #define PACKAGE_BUGREPORT ""
| #define PACKAGE "gsl"
| #define VERSION "1.15"
| #define RELEASED /**/
| #define STDC_HEADERS 1
| #define HAVE_SYS_TYPES_H 1
| #define HAVE_SYS_STAT_H 1
| #define HAVE_STDLIB_H 1
| #define HAVE_STRING_H 1
| #define HAVE_MEMORY_H 1
| #define HAVE_STRINGS_H 1
| #define HAVE_INTTYPES_H 1
| #define HAVE_STDINT_H 1
| #define HAVE_UNISTD_H 1
| #define HAVE_DLFCN_H 1
| #define HAVE_INLINE 1
| /* end confdefs.h.  */
| #include <stdio.h>
| #ifdef HAVE_SYS_TYPES_H
| # include <sys/types.h>
| #endif
| #ifdef HAVE_SYS_STAT_H
| # include <sys/stat.h>
| #endif
| #ifdef STDC_HEADERS
| # include <stdlib.h>
| # include <stddef.h>
| #else
| # ifdef HAVE_STDLIB_H
| #  include <stdlib.h>
| # endif
| #endif
| #ifdef HAVE_STRING_H
| # if !defined STDC_HEADERS && defined HAVE_MEMORY_H
| #  include <memory.h>
| # endif
| # include <string.h>
| #endif
| #ifdef HAVE_STRINGS_H
| # include <strings.h>
| #endif
| #ifdef HAVE_INTTYPES_H
| # include <inttypes.h>
| #endif
| #ifdef HAVE_STDINT_H
| # include <stdint.h>
| #endif
| #ifdef HAVE_UNISTD_H
| # include <unistd.h>
| #endif
| #include <ieeefp.h>
configure:20850: result: no
configure:20854: checking ieeefp.h presence
configure:20869: gcc -E  conftest.c
conftest.c:23:20: error: ieeefp.h: No such file or directory
configure:20876: $? = 1
configure: failed program was:
| /* confdefs.h.  */
| #define PACKAGE_NAME "gsl"
| #define PACKAGE_TARNAME "gsl"
| #define PACKAGE_VERSION "1.15"
| #define PACKAGE_STRING "gsl 1.15"
| #define PACKAGE_BUGREPORT ""
| #define PACKAGE "gsl"
| #define VERSION "1.15"
| #define RELEASED /**/
| #define STDC_HEADERS 1
| #define HAVE_SYS_TYPES_H 1
| #define HAVE_SYS_STAT_H 1
| #define HAVE_STDLIB_H 1
| #define HAVE_STRING_H 1
| #define HAVE_MEMORY_H 1
| #define HAVE_STRINGS_H 1
| #define HAVE_INTTYPES_H 1
| #define HAVE_STDINT_H 1
| #define HAVE_UNISTD_H 1
| #define HAVE_DLFCN_H 1
| #define HAVE_INLINE 1
| /* end confdefs.h.  */
| #include <ieeefp.h>
configure:20890: result: no
configure:20918: checking for ieeefp.h
configure:20927: result: no
configure:20966: checking for vprintf
configure:21022: gcc -o conftest -g -O2   conftest.c  >&5
conftest.c:46: warning: conflicting types for built-in function 'vprintf'
configure:21029: $? = 0
configure:21051: result: yes
configure:21060: checking for _doprnt
configure:21116: gcc -o conftest -g -O2   conftest.c  >&5
Undefined symbols:
  "__doprnt", referenced from:
      _main in cc47HkVS.o
ld: symbol(s) not found
collect2: ld returned 1 exit status
configure:21123: $? = 1
configure: failed program was:
| /* confdefs.h.  */
| #define PACKAGE_NAME "gsl"
| #define PACKAGE_TARNAME "gsl"
| #define PACKAGE_VERSION "1.15"
| #define PACKAGE_STRING "gsl 1.15"
| #define PACKAGE_BUGREPORT ""
| #define PACKAGE "gsl"
| #define VERSION "1.15"
| #define RELEASED /**/
| #define STDC_HEADERS 1
| #define HAVE_SYS_TYPES_H 1
| #define HAVE_SYS_STAT_H 1
| #define HAVE_STDLIB_H 1
| #define HAVE_STRING_H 1
| #define HAVE_MEMORY_H 1
| #define HAVE_STRINGS_H 1
| #define HAVE_INTTYPES_H 1
| #define HAVE_STDINT_H 1
| #define HAVE_UNISTD_H 1
| #define HAVE_DLFCN_H 1
| #define HAVE_INLINE 1
| #define HAVE_VPRINTF 1
| /* end confdefs.h.  */
| /* Define _doprnt to an innocuous variant, in case <limits.h> declares _doprnt.
|    For example, HP-UX 11i <limits.h> declares gettimeofday.  */
| #define _doprnt innocuous__doprnt
| 
| /* System header to define __stub macros and hopefully few prototypes,
|     which can conflict with char _doprnt (); below.
|     Prefer <limits.h> to <assert.h> if __STDC__ is defined, since
|     <limits.h> exists even on freestanding compilers.  */
| 
| #ifdef __STDC__
| # include <limits.h>
| #else
| # include <assert.h>
| #endif
| 
| #undef _doprnt
| 
| /* Override any GCC internal prototype to avoid an error.
|    Use char because int might match the return type of a GCC
|    builtin and then its argument prototype would still apply.  */
| #ifdef __cplusplus
| extern "C"
| #endif
| char _doprnt ();
| /* The GNU C library defines this for functions which it implements
|     to always fail with ENOSYS.  Some functions are actually named
|     something starting with __ and the normal name is an alias.  */
| #if defined __stub__doprnt || defined __stub____doprnt
| choke me
| #endif
| 
| int
| main ()
| {
| return _doprnt ();
|   ;
|   return 0;
| }
configure:21143: result: no
configure:21166: checking for memcpy
configure:21222: gcc -o conftest -g -O2   conftest.c  >&5
conftest.c:47: warning: conflicting types for built-in function 'memcpy'
configure:21229: $? = 0
configure:21251: result: yes
configure:21166: checking for memmove
configure:21222: gcc -o conftest -g -O2   conftest.c  >&5
conftest.c:48: warning: conflicting types for built-in function 'memmove'
configure:21229: $? = 0
configure:21251: result: yes
configure:21166: checking for strdup
configure:21222: gcc -o conftest -g -O2   conftest.c  >&5
conftest.c:49: warning: conflicting types for built-in function 'strdup'
configure:21229: $? = 0
configure:21251: result: yes
configure:21166: checking for strtol
configure:21222: gcc -o conftest -g -O2   conftest.c  >&5
configure:21229: $? = 0
configure:21251: result: yes
configure:21166: checking for strtoul
configure:21222: gcc -o conftest -g -O2   conftest.c  >&5
configure:21229: $? = 0
configure:21251: result: yes
configure:21272: checking for EXIT_SUCCESS and EXIT_FAILURE
configure:21300: result: yes
configure:21314: checking for cos in -lm
configure:21349: gcc -o conftest -g -O2   conftest.c -lm   >&5
conftest.c:37: warning: conflicting types for built-in function 'cos'
configure:21356: $? = 0
configure:21377: result: yes
configure:21390: checking whether feenableexcept is declared
configure:21421: gcc -c -g -O2  conftest.c >&5
conftest.c: In function 'main':
conftest.c:38: error: 'feenableexcept' undeclared (first use in this function)
conftest.c:38: error: (Each undeclared identifier is reported only once
conftest.c:38: error: for each function it appears in.)
configure:21428: $? = 1
configure: failed program was:
| /* confdefs.h.  */
| #define PACKAGE_NAME "gsl"
| #define PACKAGE_TARNAME "gsl"
| #define PACKAGE_VERSION "1.15"
| #define PACKAGE_STRING "gsl 1.15"
| #define PACKAGE_BUGREPORT ""
| #define PACKAGE "gsl"
| #define VERSION "1.15"
| #define RELEASED /**/
| #define STDC_HEADERS 1
| #define HAVE_SYS_TYPES_H 1
| #define HAVE_SYS_STAT_H 1
| #define HAVE_STDLIB_H 1
| #define HAVE_STRING_H 1
| #define HAVE_MEMORY_H 1
| #define HAVE_STRINGS_H 1
| #define HAVE_INTTYPES_H 1
| #define HAVE_STDINT_H 1
| #define HAVE_UNISTD_H 1
| #define HAVE_DLFCN_H 1
| #define HAVE_INLINE 1
| #define HAVE_VPRINTF 1
| #define HAVE_MEMCPY 1
| #define HAVE_MEMMOVE 1
| #define HAVE_STRDUP 1
| #define HAVE_STRTOL 1
| #define HAVE_STRTOUL 1
| #define HAVE_EXIT_SUCCESS_AND_FAILURE 1
| #define HAVE_LIBM 1
| /* end confdefs.h.  */
| #define _GNU_SOURCE 1
| #include <fenv.h>
| 
| int
| main ()
| {
| #ifndef feenableexcept
|   (void) feenableexcept;
| #endif
| 
|   ;
|   return 0;
| }
configure:21443: result: no
configure:21461: checking whether fesettrapenable is declared
configure:21492: gcc -c -g -O2  conftest.c >&5
conftest.c: In function 'main':
conftest.c:39: error: 'fesettrapenable' undeclared (first use in this function)
conftest.c:39: error: (Each undeclared identifier is reported only once
conftest.c:39: error: for each function it appears in.)
configure:21499: $? = 1
configure: failed program was:
| /* confdefs.h.  */
| #define PACKAGE_NAME "gsl"
| #define PACKAGE_TARNAME "gsl"
| #define PACKAGE_VERSION "1.15"
| #define PACKAGE_STRING "gsl 1.15"
| #define PACKAGE_BUGREPORT ""
| #define PACKAGE "gsl"
| #define VERSION "1.15"
| #define RELEASED /**/
| #define STDC_HEADERS 1
| #define HAVE_SYS_TYPES_H 1
| #define HAVE_SYS_STAT_H 1
| #define HAVE_STDLIB_H 1
| #define HAVE_STRING_H 1
| #define HAVE_MEMORY_H 1
| #define HAVE_STRINGS_H 1
| #define HAVE_INTTYPES_H 1
| #define HAVE_STDINT_H 1
| #define HAVE_UNISTD_H 1
| #define HAVE_DLFCN_H 1
| #define HAVE_INLINE 1
| #define HAVE_VPRINTF 1
| #define HAVE_MEMCPY 1
| #define HAVE_MEMMOVE 1
| #define HAVE_STRDUP 1
| #define HAVE_STRTOL 1
| #define HAVE_STRTOUL 1
| #define HAVE_EXIT_SUCCESS_AND_FAILURE 1
| #define HAVE_LIBM 1
| #define HAVE_DECL_FEENABLEEXCEPT 0
| /* end confdefs.h.  */
| #define _GNU_SOURCE 1
| #include <fenv.h>
| 
| int
| main ()
| {
| #ifndef fesettrapenable
|   (void) fesettrapenable;
| #endif
| 
|   ;
|   return 0;
| }
configure:21514: result: no
configure:21532: checking whether hypot is declared
configure:21562: gcc -c -g -O2  conftest.c >&5
configure:21569: $? = 0
configure:21584: result: yes
configure:21602: checking whether expm1 is declared
configure:21632: gcc -c -g -O2  conftest.c >&5
configure:21639: $? = 0
configure:21654: result: yes
configure:21672: checking whether acosh is declared
configure:21702: gcc -c -g -O2  conftest.c >&5
configure:21709: $? = 0
configure:21724: result: yes
configure:21742: checking whether asinh is declared
configure:21772: gcc -c -g -O2  conftest.c >&5
configure:21779: $? = 0
configure:21794: result: yes
configure:21812: checking whether atanh is declared
configure:21842: gcc -c -g -O2  conftest.c >&5
configure:21849: $? = 0
configure:21864: result: yes
configure:21882: checking whether ldexp is declared
configure:21912: gcc -c -g -O2  conftest.c >&5
configure:21919: $? = 0
configure:21934: result: yes
configure:21952: checking whether frexp is declared
configure:21982: gcc -c -g -O2  conftest.c >&5
configure:21989: $? = 0
configure:22004: result: yes
configure:22022: checking whether fprnd_t is declared
configure:22052: gcc -c -g -O2  conftest.c >&5
conftest.c: In function 'main':
conftest.c:46: error: 'fprnd_t' undeclared (first use in this function)
conftest.c:46: error: (Each undeclared identifier is reported only once
conftest.c:46: error: for each function it appears in.)
configure:22059: $? = 1
configure: failed program was:
| /* confdefs.h.  */
| #define PACKAGE_NAME "gsl"
| #define PACKAGE_TARNAME "gsl"
| #define PACKAGE_VERSION "1.15"
| #define PACKAGE_STRING "gsl 1.15"
| #define PACKAGE_BUGREPORT ""
| #define PACKAGE "gsl"
| #define VERSION "1.15"
| #define RELEASED /**/
| #define STDC_HEADERS 1
| #define HAVE_SYS_TYPES_H 1
| #define HAVE_SYS_STAT_H 1
| #define HAVE_STDLIB_H 1
| #define HAVE_STRING_H 1
| #define HAVE_MEMORY_H 1
| #define HAVE_STRINGS_H 1
| #define HAVE_INTTYPES_H 1
| #define HAVE_STDINT_H 1
| #define HAVE_UNISTD_H 1
| #define HAVE_DLFCN_H 1
| #define HAVE_INLINE 1
| #define HAVE_VPRINTF 1
| #define HAVE_MEMCPY 1
| #define HAVE_MEMMOVE 1
| #define HAVE_STRDUP 1
| #define HAVE_STRTOL 1
| #define HAVE_STRTOUL 1
| #define HAVE_EXIT_SUCCESS_AND_FAILURE 1
| #define HAVE_LIBM 1
| #define HAVE_DECL_FEENABLEEXCEPT 0
| #define HAVE_DECL_FESETTRAPENABLE 0
| #define HAVE_DECL_HYPOT 1
| #define HAVE_DECL_EXPM1 1
| #define HAVE_DECL_ACOSH 1
| #define HAVE_DECL_ASINH 1
| #define HAVE_DECL_ATANH 1
| #define HAVE_DECL_LDEXP 1
| #define HAVE_DECL_FREXP 1
| /* end confdefs.h.  */
| #include <float.h>
| 
| int
| main ()
| {
| #ifndef fprnd_t
|   (void) fprnd_t;
| #endif
| 
|   ;
|   return 0;
| }
configure:22074: result: no
configure:22092: checking whether isinf is declared
configure:22122: gcc -c -g -O2  conftest.c >&5
configure:22129: $? = 0
configure:22144: result: yes
configure:22162: checking whether isfinite is declared
configure:22192: gcc -c -g -O2  conftest.c >&5
configure:22199: $? = 0
configure:22214: result: yes
configure:22232: checking whether finite is declared
configure:22265: gcc -c -g -O2  conftest.c >&5
configure:22272: $? = 0
configure:22287: result: yes
configure:22305: checking whether isnan is declared
configure:22335: gcc -c -g -O2  conftest.c >&5
configure:22342: $? = 0
configure:22357: result: yes
configure:22382: checking whether log1p is declared
configure:22412: gcc -c -g -O2  conftest.c >&5
configure:22419: $? = 0
configure:22434: result: yes
configure:22455: checking for long double stdio
configure:22486: gcc -o conftest -g -O2   conftest.c -lm  >&5
configure:22490: $? = 0
configure:22496: ./conftest
1.234
configure:22500: $? = 0
configure:22517: result: yes
configure:22528: checking for extended floating point registers
configure:22561: result: yes
configure:22572: checking for IEEE arithmetic interface type
configure:22635: result: darwin86
configure:22848: checking for IEEE compiler flags
configure:22912: result: none
configure:22921: checking for IEEE comparisons
configure:22952: gcc -o conftest -g -O2   conftest.c -lm  >&5
conftest.c: In function 'main':
conftest.c:57: warning: incompatible implicit declaration of built-in function 'exit'
configure:22956: $? = 0
configure:22962: ./conftest
configure:22966: $? = 0
configure:22984: result: yes
configure:22995: checking for IEEE denormalized values
configure:23027: gcc -o conftest -g -O2   conftest.c -lm  >&5
conftest.c: In function 'main':
conftest.c:59: warning: incompatible implicit declaration of built-in function 'exit'
configure:23031: $? = 0
configure:23037: ./conftest
configure:23041: $? = 0
configure:23059: result: yes
configure:23236: creating ./config.status

## ---------------------- ##
## Running config.status. ##
## ---------------------- ##

This file was extended by gsl config.status 1.15, which was
generated by GNU Autoconf 2.63.  Invocation command line was

  CONFIG_FILES    = 
  CONFIG_HEADERS  = 
  CONFIG_LINKS    = 
  CONFIG_COMMANDS = 
  $ ./config.status 

on 72-255-103-241.client.stsn.net

config.status:903: creating gsl_version.h
config.status:903: creating gsl.spec
config.status:903: creating gsl/Makefile
config.status:903: creating test/Makefile
config.status:903: creating err/Makefile
config.status:903: creating sys/Makefile
config.status:903: creating utils/Makefile
config.status:903: creating const/Makefile
config.status:903: creating min/Makefile
config.status:903: creating multimin/Makefile
config.status:903: creating ieee-utils/Makefile
config.status:903: creating fft/Makefile
config.status:903: creating specfunc/Makefile
config.status:903: creating dht/Makefile
config.status:903: creating fit/Makefile
config.status:903: creating multifit/Makefile
config.status:903: creating bspline/Makefile
config.status:903: creating statistics/Makefile
config.status:903: creating sum/Makefile
config.status:903: creating roots/Makefile
config.status:903: creating multiroots/Makefile
config.status:903: creating ntuple/Makefile
config.status:903: creating poly/Makefile
config.status:903: creating qrng/Makefile
config.status:903: creating rng/Makefile
config.status:903: creating randist/Makefile
config.status:903: creating siman/Makefile
config.status:903: creating integration/Makefile
config.status:903: creating interpolation/Makefile
config.status:903: creating doc/Makefile
config.status:903: creating block/Makefile
config.status:903: creating vector/Makefile
config.status:903: creating matrix/Makefile
config.status:903: creating histogram/Makefile
config.status:903: creating monte/Makefile
config.status:903: creating ode-initval/Makefile
config.status:903: creating ode-initval2/Makefile
config.status:903: creating cblas/Makefile
config.status:903: creating blas/Makefile
config.status:903: creating linalg/Makefile
config.status:903: creating eigen/Makefile
config.status:903: creating permutation/Makefile
config.status:903: creating combination/Makefile
config.status:903: creating multiset/Makefile
config.status:903: creating sort/Makefile
config.status:903: creating complex/Makefile
config.status:903: creating diff/Makefile
config.status:903: creating deriv/Makefile
config.status:903: creating cheb/Makefile
config.status:903: creating cdf/Makefile
config.status:903: creating wavelet/Makefile
config.status:903: creating Makefile
config.status:903: creating config.h
config.status:1119: config.h is unchanged
config.status:1170: executing depfiles commands

## ---------------- ##
## Cache variables. ##
## ---------------- ##

ac_cv_build=i386-apple-darwin9.8.0
ac_cv_c_char_unsigned=no
ac_cv_c_compiler_gnu=yes
ac_cv_c_extended_fp=yes
ac_cv_c_extern_inline=yes
ac_cv_c_ieee_comparisons=yes
ac_cv_c_ieee_denormals=yes
ac_cv_c_ieee_flags=none
ac_cv_c_ieee_interface=darwin86
ac_cv_c_inline=inline
ac_cv_c_volatile=yes
ac_cv_cxx_compiler_gnu=yes
ac_cv_decl_exit_success_and_failure=yes
ac_cv_env_CCC_set=
ac_cv_env_CCC_value=
ac_cv_env_CC_set=
ac_cv_env_CC_value=
ac_cv_env_CFLAGS_set=
ac_cv_env_CFLAGS_value=
ac_cv_env_CPPFLAGS_set=
ac_cv_env_CPPFLAGS_value=
ac_cv_env_CPP_set=
ac_cv_env_CPP_value=
ac_cv_env_CXXCPP_set=
ac_cv_env_CXXCPP_value=
ac_cv_env_CXXFLAGS_set=
ac_cv_env_CXXFLAGS_value=
ac_cv_env_CXX_set=
ac_cv_env_CXX_value=
ac_cv_env_F77_set=
ac_cv_env_F77_value=
ac_cv_env_FFLAGS_set=
ac_cv_env_FFLAGS_value=
ac_cv_env_LDFLAGS_set=
ac_cv_env_LDFLAGS_value=
ac_cv_env_LIBS_set=
ac_cv_env_LIBS_value=
ac_cv_env_build_alias_set=
ac_cv_env_build_alias_value=
ac_cv_env_host_alias_set=
ac_cv_env_host_alias_value=
ac_cv_env_target_alias_set=
ac_cv_env_target_alias_value=
ac_cv_f77_compiler_gnu=yes
ac_cv_func__doprnt=no
ac_cv_func_memcpy=yes
ac_cv_func_memmove=yes
ac_cv_func_printf_longdouble=yes
ac_cv_func_strdup=yes
ac_cv_func_strtol=yes
ac_cv_func_strtoul=yes
ac_cv_func_vprintf=yes
ac_cv_have_decl_acosh=yes
ac_cv_have_decl_asinh=yes
ac_cv_have_decl_atanh=yes
ac_cv_have_decl_expm1=yes
ac_cv_have_decl_feenableexcept=no
ac_cv_have_decl_fesettrapenable=no
ac_cv_have_decl_finite=yes
ac_cv_have_decl_fprnd_t=no
ac_cv_have_decl_frexp=yes
ac_cv_have_decl_hypot=yes
ac_cv_have_decl_isfinite=yes
ac_cv_have_decl_isinf=yes
ac_cv_have_decl_isnan=yes
ac_cv_have_decl_ldexp=yes
ac_cv_have_decl_log1p=yes
ac_cv_header_dlfcn_h=yes
ac_cv_header_ieeefp_h=no
ac_cv_header_inttypes_h=yes
ac_cv_header_memory_h=yes
ac_cv_header_stdc=yes
ac_cv_header_stdint_h=yes
ac_cv_header_stdlib_h=yes
ac_cv_header_string_h=yes
ac_cv_header_strings_h=yes
ac_cv_header_sys_stat_h=yes
ac_cv_header_sys_types_h=yes
ac_cv_header_unistd_h=yes
ac_cv_host=i386-apple-darwin9.8.0
ac_cv_lib_m_cos=yes
ac_cv_objext=o
ac_cv_path_EGREP='/usr/bin/grep -E'
ac_cv_path_GREP=/usr/bin/grep
ac_cv_path_INTLTOOL_PERL=/usr/bin/perl
ac_cv_path_SED=/sw/bin/sed
ac_cv_path_install='/usr/bin/install -c'
ac_cv_prog_AWK=awk
ac_cv_prog_CPP='gcc -E'
ac_cv_prog_CXXCPP='g++ -E'
ac_cv_prog_ac_ct_AR=ar
ac_cv_prog_ac_ct_CC=gcc
ac_cv_prog_ac_ct_CXX=g++
ac_cv_prog_ac_ct_DSYMUTIL=dsymutil
ac_cv_prog_ac_ct_F77=gfortran
ac_cv_prog_ac_ct_NMEDIT=nmedit
ac_cv_prog_ac_ct_RANLIB=ranlib
ac_cv_prog_ac_ct_STRIP=strip
ac_cv_prog_cc_c89=
ac_cv_prog_cc_g=yes
ac_cv_prog_cxx_g=yes
ac_cv_prog_f77_g=yes
ac_cv_prog_make_make_set=yes
ac_cv_type_size_t=yes
am_cv_CC_dependencies_compiler_type=gcc3
am_cv_CXX_dependencies_compiler_type=gcc3
lt_cv_apple_cc_single_mod=yes
lt_cv_deplibs_check_method=pass_all
lt_cv_file_magic_cmd='$MAGIC_CMD'
lt_cv_file_magic_test_file=
lt_cv_ld_exported_symbols_list=yes
lt_cv_ld_reload_flag=-r
lt_cv_objdir=.libs
lt_cv_path_LD=/usr/libexec/gcc/i686-apple-darwin9/4.0.1/ld
lt_cv_path_LDCXX=/usr/libexec/gcc/i686-apple-darwin9/4.0.1/ld
lt_cv_path_NM='/usr/bin/nm -p'
lt_cv_path_SED=/sw/bin/sed
lt_cv_prog_compiler_c_o=yes
lt_cv_prog_compiler_c_o_CXX=yes
lt_cv_prog_compiler_c_o_F77=yes
lt_cv_prog_compiler_pic_works=yes
lt_cv_prog_compiler_pic_works_CXX=yes
lt_cv_prog_compiler_pic_works_F77=yes
lt_cv_prog_compiler_rtti_exceptions=no
lt_cv_prog_compiler_static_works=no
lt_cv_prog_compiler_static_works_CXX=no
lt_cv_prog_compiler_static_works_F77=no
lt_cv_prog_gnu_ld=no
lt_cv_prog_gnu_ldcxx=no
lt_cv_sys_global_symbol_pipe='sed -n -e '\''s/^.*[ 	]\([BCDEGRST][BCDEGRST]*\)[ 	][ 	]*_\([_A-Za-z][_A-Za-z0-9]*\)$/\1 _\2 \2/p'\'''
lt_cv_sys_global_symbol_to_c_name_address='sed -n -e '\''s/^: \([^ ]*\) $/  {\"\1\", (lt_ptr) 0},/p'\'' -e '\''s/^[BCDEGRST] \([^ ]*\) \([^ ]*\)$/  {"\2", (lt_ptr) \&\2},/p'\'''
lt_cv_sys_global_symbol_to_cdecl='sed -n -e '\''s/^. .* \(.*\)$/extern int \1;/p'\'''
lt_cv_sys_lib_dlsearch_path_spec='/usr/local/lib /lib /usr/lib'
lt_cv_sys_lib_search_path_spec='/usr/lib/i686-apple-darwin9/4.0.1 /usr/lib /sw/lib /usr/lib/gcc/i686-apple-darwin9/4.0.1 /usr/local/lib'
lt_cv_sys_max_cmd_len=196608
lt_lt_cv_prog_compiler_c_o='"yes"'
lt_lt_cv_prog_compiler_c_o_CXX='"yes"'
lt_lt_cv_prog_compiler_c_o_F77='"yes"'
lt_lt_cv_sys_global_symbol_pipe='"sed -n -e '\''s/^.*[ 	]\\([BCDEGRST][BCDEGRST]*\\)[ 	][ 	]*_\\([_A-Za-z][_A-Za-z0-9]*\\)\$/\\1 _\\2 \\2/p'\''"'
lt_lt_cv_sys_global_symbol_to_c_name_address='"sed -n -e '\''s/^: \\([^ ]*\\) \$/  {\\\"\\1\\\", (lt_ptr) 0},/p'\'' -e '\''s/^[BCDEGRST] \\([^ ]*\\) \\([^ ]*\\)\$/  {\"\\2\", (lt_ptr) \\&\\2},/p'\''"'
lt_lt_cv_sys_global_symbol_to_cdecl='"sed -n -e '\''s/^. .* \\(.*\\)\$/extern int \\1;/p'\''"'

## ----------------- ##
## Output variables. ##
## ----------------- ##

ACLOCAL='${SHELL} /Users/cantarel/ridgerunner/gsl-1.15/missing --run aclocal-1.9'
AMDEPBACKSLASH='\'
AMDEP_FALSE='#'
AMDEP_TRUE=''
AMTAR='${SHELL} /Users/cantarel/ridgerunner/gsl-1.15/missing --run tar'
AR='ar'
AUTOCONF='${SHELL} /Users/cantarel/ridgerunner/gsl-1.15/missing --run autoconf'
AUTOHEADER='${SHELL} /Users/cantarel/ridgerunner/gsl-1.15/missing --run autoheader'
AUTOMAKE='${SHELL} /Users/cantarel/ridgerunner/gsl-1.15/missing --run automake-1.9'
AWK='awk'
CC='gcc'
CCDEPMODE='depmode=gcc3'
CFLAGS='-g -O2'
CPP='gcc -E'
CPPFLAGS=''
CXX='g++'
CXXCPP='g++ -E'
CXXDEPMODE='depmode=gcc3'
CXXFLAGS='-g -O2'
CYGPATH_W='echo'
DEFS='-DHAVE_CONFIG_H'
DEPDIR='.deps'
DSYMUTIL='dsymutil'
ECHO='/bin/echo'
ECHO_C='\c'
ECHO_N=''
ECHO_T=''
EGREP='/usr/bin/grep -E'
EXEEXT=''
F77='gfortran'
FFLAGS='-g -O2'
GREP='/usr/bin/grep'
GSL_CFLAGS='-I${prefix}/include'
GSL_LIBM=''
GSL_LIBS='-L${exec_prefix}/lib -lgsl'
GSL_LT_CBLAS_VERSION='0:0:0'
GSL_LT_VERSION='16:0:16'
GSL_MAJOR_VERSION='1'
GSL_MINOR_VERSION='15'
HAVE_AIX_IEEE_INTERFACE=''
HAVE_DARWIN86_IEEE_INTERFACE=''
HAVE_DARWIN_IEEE_INTERFACE=''
HAVE_FREEBSD_IEEE_INTERFACE=''
HAVE_GNUM68K_IEEE_INTERFACE=''
HAVE_GNUPPC_IEEE_INTERFACE=''
HAVE_GNUSPARC_IEEE_INTERFACE=''
HAVE_GNUX86_IEEE_INTERFACE=''
HAVE_HPUX11_IEEE_INTERFACE=''
HAVE_HPUX_IEEE_INTERFACE=''
HAVE_IRIX_IEEE_INTERFACE=''
HAVE_NETBSD_IEEE_INTERFACE=''
HAVE_OPENBSD_IEEE_INTERFACE=''
HAVE_OS2EMX_IEEE_INTERFACE=''
HAVE_SOLARIS_IEEE_INTERFACE=''
HAVE_SUNOS4_IEEE_INTERFACE=''
HAVE_TRU64_IEEE_INTERFACE=''
INSTALL_DATA='${INSTALL} -m 644'
INSTALL_PROGRAM='${INSTALL}'
INSTALL_SCRIPT='${INSTALL}'
INSTALL_STRIP_PROGRAM='${SHELL} $(install_sh) -c -s'
LDFLAGS=''
LIBOBJS=''
LIBS='-lm '
LIBTOOL='$(SHELL) $(top_builddir)/libtool'
LN_S='ln -s'
LTLIBOBJS=''
MAINT='#'
MAINTAINER_MODE_FALSE=''
MAINTAINER_MODE_TRUE='#'
MAKEINFO='${SHELL} /Users/cantarel/ridgerunner/gsl-1.15/missing --run makeinfo'
MINGW32_HOST_FALSE=''
MINGW32_HOST_TRUE='#'
NMEDIT='nmedit'
OBJEXT='o'
PACKAGE='gsl'
PACKAGE_BUGREPORT=''
PACKAGE_NAME='gsl'
PACKAGE_STRING='gsl 1.15'
PACKAGE_TARNAME='gsl'
PACKAGE_VERSION='1.15'
PATH_SEPARATOR=':'
RANLIB='ranlib'
SED='/sw/bin/sed'
SET_MAKE=''
SHELL='/bin/sh'
STRIP='strip'
VERSION='1.15'
ac_ct_CC='gcc'
ac_ct_CXX='g++'
ac_ct_F77='gfortran'
am__fastdepCC_FALSE='#'
am__fastdepCC_TRUE=''
am__fastdepCXX_FALSE='#'
am__fastdepCXX_TRUE=''
am__include='include'
am__leading_dot='.'
am__quote=''
am__tar='${AMTAR} chof - "$$tardir"'
am__untar='${AMTAR} xf -'
bindir='${exec_prefix}/bin'
build='i386-apple-darwin9.8.0'
build_alias=''
build_cpu='i386'
build_os='darwin9.8.0'
build_vendor='apple'
datadir='${datarootdir}'
datarootdir='${prefix}/share'
docdir='${datarootdir}/doc/${PACKAGE_TARNAME}'
dvidir='${docdir}'
exec_prefix='${prefix}'
host='i386-apple-darwin9.8.0'
host_alias=''
host_cpu='i386'
host_os='darwin9.8.0'
host_vendor='apple'
htmldir='${docdir}'
includedir='${prefix}/include'
infodir='${datarootdir}/info'
install_sh='/Users/cantarel/ridgerunner/gsl-1.15/install-sh'
libdir='${exec_prefix}/lib'
libexecdir='${exec_prefix}/libexec'
localedir='${datarootdir}/locale'
localstatedir='${prefix}/var'
mandir='${datarootdir}/man'
mkdir_p='$(mkinstalldirs)'
oldincludedir='/usr/include'
pdfdir='${docdir}'
prefix='/usr/local'
program_transform_name='s,x,x,'
psdir='${docdir}'
sbindir='${exec_prefix}/sbin'
sharedstatedir='${prefix}/com'
sysconfdir='${prefix}/etc'
target_alias=''

## ----------- ##
## confdefs.h. ##
## ----------- ##

#define PACKAGE_NAME "gsl"
#define PACKAGE_TARNAME "gsl"
#define PACKAGE_VERSION "1.15"
#define PACKAGE_STRING "gsl 1.15"
#define PACKAGE_BUGREPORT ""
#define PACKAGE "gsl"
#define VERSION "1.15"
#define RELEASED /**/
#define STDC_HEADERS 1
#define HAVE_SYS_TYPES_H 1
#define HAVE_SYS_STAT_H 1
#define HAVE_STDLIB_H 1
#define HAVE_STRING_H 1
#define HAVE_MEMORY_H 1
#define HAVE_STRINGS_H 1
#define HAVE_INTTYPES_H 1
#define HAVE_STDINT_H 1
#define HAVE_UNISTD_H 1
#define HAVE_DLFCN_H 1
#define HAVE_INLINE 1
#define HAVE_VPRINTF 1
#define HAVE_MEMCPY 1
#define HAVE_MEMMOVE 1
#define HAVE_STRDUP 1
#define HAVE_STRTOL 1
#define HAVE_STRTOUL 1
#define HAVE_EXIT_SUCCESS_AND_FAILURE 1
#define HAVE_LIBM 1
#define HAVE_DECL_FEENABLEEXCEPT 0
#define HAVE_DECL_FESETTRAPENABLE 0
#define HAVE_DECL_HYPOT 1
#define HAVE_DECL_EXPM1 1
#define HAVE_DECL_ACOSH 1
#define HAVE_DECL_ASINH 1
#define HAVE_DECL_ATANH 1
#define HAVE_DECL_LDEXP 1
#define HAVE_DECL_FREXP 1
#define HAVE_DECL_FPRND_T 0
#define HAVE_DECL_ISINF 1
#define HAVE_DECL_ISFINITE 1
#define HAVE_DECL_FINITE 1
#define HAVE_DECL_ISNAN 1
#define HAVE_DECL_LOG1P 1
#define HAVE_PRINTF_LONGDOUBLE 1
#define HAVE_EXTENDED_PRECISION_REGISTERS 1
#define HAVE_DARWIN86_IEEE_INTERFACE 1
#define HAVE_IEEE_COMPARISONS 1
#define HAVE_IEEE_DENORMALS 1

configure: exit 0
